-------------------------------------------------------------------------------
Test set: tests.TestSet1
-------------------------------------------------------------------------------
Tests run: 2, Failures: 2, Errors: 0, Skipped: 0, Time elapsed: 128.477 sec <<< FAILURE!
devidebyzero(tests.TestSet1)  Time elapsed: 12.491 sec  <<< FAILURE!
java.lang.AssertionError: expected [Cannot devide by 0] but found [Cannot divide by 0]
	at org.testng.Assert.fail(Assert.java:93)
	at org.testng.Assert.failNotEquals(Assert.java:512)
	at org.testng.Assert.assertEqualsImpl(Assert.java:134)
	at org.testng.Assert.assertEquals(Assert.java:115)
	at org.testng.Assert.assertEquals(Assert.java:189)
	at org.testng.Assert.assertEquals(Assert.java:199)
	at tests.TestSet1.devidebyzero(TestSet1.java:44)

multiply(tests.TestSet1)  Time elapsed: 21.371 sec  <<< FAILURE!
java.lang.AssertionError: Logged into system expected:<false> but was:<true>
	at org.junit.Assert.fail(Assert.java:88)
	at org.junit.Assert.failNotEquals(Assert.java:834)
	at org.junit.Assert.assertEquals(Assert.java:118)
	at tests.TestSet1.multiply(TestSet1.java:33)

